[ERROR] 2017-11-03 20:47:55.365 [AWT-EventQueue-0] TimeTableEditor - Null in main

java.lang.NullPointerException: null
	at by.alt.gui.MainForm.readPropsFromConf(MainForm.java:69) ~[TimeTableEditor/:?]
	at by.alt.gui.MainForm.<init>(MainForm.java:59) ~[TimeTableEditor/:?]
	at by.alt.gui.MainForm$1.run(MainForm.java:43) [TimeTableEditor/:?]
	at java.awt.event.InvocationEvent.dispatch(InvocationEvent.java:311) [?:1.8.0_112]
	at java.awt.EventQueue.dispatchEventImpl(EventQueue.java:756) [?:1.8.0_112]
	at java.awt.EventQueue.access$500(EventQueue.java:97) [?:1.8.0_112]
	at java.awt.EventQueue$3.run(EventQueue.java:709) [?:1.8.0_112]
	at java.awt.EventQueue$3.run(EventQueue.java:703) [?:1.8.0_112]
	at java.security.AccessController.doPrivileged(Native Method) ~[?:1.8.0_112]
	at java.security.ProtectionDomain$JavaSecurityAccessImpl.doIntersectionPrivilege(ProtectionDomain.java:80) [?:1.8.0_112]
	at java.awt.EventQueue.dispatchEvent(EventQueue.java:726) [?:1.8.0_112]
	at java.awt.EventDispatchThread.pumpOneEventForFilters(EventDispatchThread.java:201) [?:1.8.0_112]
	at java.awt.EventDispatchThread.pumpEventsForFilter(EventDispatchThread.java:116) [?:1.8.0_112]
	at java.awt.EventDispatchThread.pumpEventsForHierarchy(EventDispatchThread.java:105) [?:1.8.0_112]
	at java.awt.EventDispatchThread.pumpEvents(EventDispatchThread.java:101) [?:1.8.0_112]
	at java.awt.EventDispatchThread.pumpEvents(EventDispatchThread.java:93) [?:1.8.0_112]
	at java.awt.EventDispatchThread.run(EventDispatchThread.java:82) [?:1.8.0_112]
[ERROR] 2017-11-03 20:50:49.674 [AWT-EventQueue-0] TimeTableEditor - Error

java.lang.NullPointerException: null
	at by.alt.gui.MainForm.readPropsFromConf(MainForm.java:69) ~[TimeTableEditor/:?]
	at by.alt.gui.MainForm.<init>(MainForm.java:59) ~[TimeTableEditor/:?]
	at by.alt.gui.MainForm$1.run(MainForm.java:43) [TimeTableEditor/:?]
	at java.awt.event.InvocationEvent.dispatch(InvocationEvent.java:311) [?:1.8.0_112]
	at java.awt.EventQueue.dispatchEventImpl(EventQueue.java:756) [?:1.8.0_112]
	at java.awt.EventQueue.access$500(EventQueue.java:97) [?:1.8.0_112]
	at java.awt.EventQueue$3.run(EventQueue.java:709) [?:1.8.0_112]
	at java.awt.EventQueue$3.run(EventQueue.java:703) [?:1.8.0_112]
	at java.security.AccessController.doPrivileged(Native Method) ~[?:1.8.0_112]
	at java.security.ProtectionDomain$JavaSecurityAccessImpl.doIntersectionPrivilege(ProtectionDomain.java:80) [?:1.8.0_112]
	at java.awt.EventQueue.dispatchEvent(EventQueue.java:726) [?:1.8.0_112]
	at java.awt.EventDispatchThread.pumpOneEventForFilters(EventDispatchThread.java:201) [?:1.8.0_112]
	at java.awt.EventDispatchThread.pumpEventsForFilter(EventDispatchThread.java:116) [?:1.8.0_112]
	at java.awt.EventDispatchThread.pumpEventsForHierarchy(EventDispatchThread.java:105) [?:1.8.0_112]
	at java.awt.EventDispatchThread.pumpEvents(EventDispatchThread.java:101) [?:1.8.0_112]
	at java.awt.EventDispatchThread.pumpEvents(EventDispatchThread.java:93) [?:1.8.0_112]
	at java.awt.EventDispatchThread.run(EventDispatchThread.java:82) [?:1.8.0_112]
[ERROR] 2017-11-03 21:06:11.958 [main] TimeTableEditor - Error

com.mysql.jdbc.exceptions.jdbc4.CommunicationsException: Communications link failure

Last packet sent to the server was 1 ms ago.
	at sun.reflect.NativeConstructorAccessorImpl.newInstance0(Native Method) ~[?:1.8.0_112]
	at sun.reflect.NativeConstructorAccessorImpl.newInstance(NativeConstructorAccessorImpl.java:62) ~[?:1.8.0_112]
	at sun.reflect.DelegatingConstructorAccessorImpl.newInstance(DelegatingConstructorAccessorImpl.java:45) ~[?:1.8.0_112]
	at java.lang.reflect.Constructor.newInstance(Constructor.java:423) ~[?:1.8.0_112]
	at com.mysql.jdbc.Util.handleNewInstance(Util.java:353) ~[mysql-connector-java-5.1.0-bin.jar:?]
	at com.mysql.jdbc.SQLError.createCommunicationsException(SQLError.java:1074) ~[mysql-connector-java-5.1.0-bin.jar:?]
	at com.mysql.jdbc.Connection.createNewIO(Connection.java:2001) ~[mysql-connector-java-5.1.0-bin.jar:?]
	at com.mysql.jdbc.Connection.<init>(Connection.java:716) ~[mysql-connector-java-5.1.0-bin.jar:?]
	at com.mysql.jdbc.JDBC4Connection.<init>(JDBC4Connection.java:46) ~[mysql-connector-java-5.1.0-bin.jar:?]
	at sun.reflect.NativeConstructorAccessorImpl.newInstance0(Native Method) ~[?:1.8.0_112]
	at sun.reflect.NativeConstructorAccessorImpl.newInstance(NativeConstructorAccessorImpl.java:62) ~[?:1.8.0_112]
	at sun.reflect.DelegatingConstructorAccessorImpl.newInstance(DelegatingConstructorAccessorImpl.java:45) ~[?:1.8.0_112]
	at java.lang.reflect.Constructor.newInstance(Constructor.java:423) ~[?:1.8.0_112]
	at com.mysql.jdbc.Util.handleNewInstance(Util.java:353) ~[mysql-connector-java-5.1.0-bin.jar:?]
	at com.mysql.jdbc.Connection.getInstance(Connection.java:295) ~[mysql-connector-java-5.1.0-bin.jar:?]
	at com.mysql.jdbc.NonRegisteringDriver.connect(NonRegisteringDriver.java:266) ~[mysql-connector-java-5.1.0-bin.jar:?]
	at java.sql.DriverManager.getConnection(DriverManager.java:664) ~[?:1.8.0_112]
	at java.sql.DriverManager.getConnection(DriverManager.java:247) ~[?:1.8.0_112]
	at by.alt.DAO.DBReader.ConnectToDB(DBReader.java:20) ~[TimeTableEditor/:?]
	at by.alt.Main.main(Main.java:16) [TimeTableEditor/:?]
Caused by: java.net.ConnectException: Connection timed out: connect
	at java.net.DualStackPlainSocketImpl.connect0(Native Method) ~[?:1.8.0_112]
	at java.net.DualStackPlainSocketImpl.socketConnect(DualStackPlainSocketImpl.java:79) ~[?:1.8.0_112]
	at java.net.AbstractPlainSocketImpl.doConnect(AbstractPlainSocketImpl.java:350) ~[?:1.8.0_112]
	at java.net.AbstractPlainSocketImpl.connectToAddress(AbstractPlainSocketImpl.java:206) ~[?:1.8.0_112]
	at java.net.AbstractPlainSocketImpl.connect(AbstractPlainSocketImpl.java:188) ~[?:1.8.0_112]
	at java.net.PlainSocketImpl.connect(PlainSocketImpl.java:172) ~[?:1.8.0_112]
	at java.net.SocksSocketImpl.connect(SocksSocketImpl.java:392) ~[?:1.8.0_112]
	at java.net.Socket.connect(Socket.java:589) ~[?:1.8.0_112]
	at java.net.Socket.connect(Socket.java:538) ~[?:1.8.0_112]
	at java.net.Socket.<init>(Socket.java:434) ~[?:1.8.0_112]
	at java.net.Socket.<init>(Socket.java:244) ~[?:1.8.0_112]
	at com.mysql.jdbc.StandardSocketFactory.connect(StandardSocketFactory.java:168) ~[mysql-connector-java-5.1.0-bin.jar:?]
	at com.mysql.jdbc.MysqlIO.<init>(MysqlIO.java:262) ~[mysql-connector-java-5.1.0-bin.jar:?]
	at com.mysql.jdbc.Connection.createNewIO(Connection.java:1926) ~[mysql-connector-java-5.1.0-bin.jar:?]
	... 13 more
[ERROR] 2017-11-03 21:07:19.027 [main] TimeTableEditor - Error

com.mysql.jdbc.exceptions.jdbc4.CommunicationsException: Communications link failure

Last packet sent to the server was 0 ms ago.
	at sun.reflect.NativeConstructorAccessorImpl.newInstance0(Native Method) ~[?:1.8.0_112]
	at sun.reflect.NativeConstructorAccessorImpl.newInstance(NativeConstructorAccessorImpl.java:62) ~[?:1.8.0_112]
	at sun.reflect.DelegatingConstructorAccessorImpl.newInstance(DelegatingConstructorAccessorImpl.java:45) ~[?:1.8.0_112]
	at java.lang.reflect.Constructor.newInstance(Constructor.java:423) ~[?:1.8.0_112]
	at com.mysql.jdbc.Util.handleNewInstance(Util.java:353) ~[mysql-connector-java-5.1.0-bin.jar:?]
	at com.mysql.jdbc.SQLError.createCommunicationsException(SQLError.java:1074) ~[mysql-connector-java-5.1.0-bin.jar:?]
	at com.mysql.jdbc.Connection.createNewIO(Connection.java:2001) ~[mysql-connector-java-5.1.0-bin.jar:?]
	at com.mysql.jdbc.Connection.<init>(Connection.java:716) ~[mysql-connector-java-5.1.0-bin.jar:?]
	at com.mysql.jdbc.JDBC4Connection.<init>(JDBC4Connection.java:46) ~[mysql-connector-java-5.1.0-bin.jar:?]
	at sun.reflect.NativeConstructorAccessorImpl.newInstance0(Native Method) ~[?:1.8.0_112]
	at sun.reflect.NativeConstructorAccessorImpl.newInstance(NativeConstructorAccessorImpl.java:62) ~[?:1.8.0_112]
	at sun.reflect.DelegatingConstructorAccessorImpl.newInstance(DelegatingConstructorAccessorImpl.java:45) ~[?:1.8.0_112]
	at java.lang.reflect.Constructor.newInstance(Constructor.java:423) ~[?:1.8.0_112]
	at com.mysql.jdbc.Util.handleNewInstance(Util.java:353) ~[mysql-connector-java-5.1.0-bin.jar:?]
	at com.mysql.jdbc.Connection.getInstance(Connection.java:295) ~[mysql-connector-java-5.1.0-bin.jar:?]
	at com.mysql.jdbc.NonRegisteringDriver.connect(NonRegisteringDriver.java:266) ~[mysql-connector-java-5.1.0-bin.jar:?]
	at java.sql.DriverManager.getConnection(DriverManager.java:664) ~[?:1.8.0_112]
	at java.sql.DriverManager.getConnection(DriverManager.java:247) ~[?:1.8.0_112]
	at by.alt.DAO.DBReader.ConnectToDB(DBReader.java:20) ~[TimeTableEditor/:?]
	at by.alt.Main.main(Main.java:16) [TimeTableEditor/:?]
	at sun.reflect.NativeMethodAccessorImpl.invoke0(Native Method) ~[?:1.8.0_112]
	at sun.reflect.NativeMethodAccessorImpl.invoke(NativeMethodAccessorImpl.java:62) ~[?:1.8.0_112]
	at sun.reflect.DelegatingMethodAccessorImpl.invoke(DelegatingMethodAccessorImpl.java:43) ~[?:1.8.0_112]
	at java.lang.reflect.Method.invoke(Method.java:498) ~[?:1.8.0_112]
	at com.intellij.rt.execution.application.AppMain.main(AppMain.java:147) [idea_rt.jar:?]
Caused by: java.net.ConnectException: Connection timed out: connect
	at java.net.DualStackPlainSocketImpl.connect0(Native Method) ~[?:1.8.0_112]
	at java.net.DualStackPlainSocketImpl.socketConnect(DualStackPlainSocketImpl.java:79) ~[?:1.8.0_112]
	at java.net.AbstractPlainSocketImpl.doConnect(AbstractPlainSocketImpl.java:350) ~[?:1.8.0_112]
	at java.net.AbstractPlainSocketImpl.connectToAddress(AbstractPlainSocketImpl.java:206) ~[?:1.8.0_112]
	at java.net.AbstractPlainSocketImpl.connect(AbstractPlainSocketImpl.java:188) ~[?:1.8.0_112]
	at java.net.PlainSocketImpl.connect(PlainSocketImpl.java:172) ~[?:1.8.0_112]
	at java.net.SocksSocketImpl.connect(SocksSocketImpl.java:392) ~[?:1.8.0_112]
	at java.net.Socket.connect(Socket.java:589) ~[?:1.8.0_112]
	at java.net.Socket.connect(Socket.java:538) ~[?:1.8.0_112]
	at java.net.Socket.<init>(Socket.java:434) ~[?:1.8.0_112]
	at java.net.Socket.<init>(Socket.java:244) ~[?:1.8.0_112]
	at com.mysql.jdbc.StandardSocketFactory.connect(StandardSocketFactory.java:168) ~[mysql-connector-java-5.1.0-bin.jar:?]
	at com.mysql.jdbc.MysqlIO.<init>(MysqlIO.java:262) ~[mysql-connector-java-5.1.0-bin.jar:?]
	at com.mysql.jdbc.Connection.createNewIO(Connection.java:1926) ~[mysql-connector-java-5.1.0-bin.jar:?]
	... 18 more
[ERROR] 2017-11-03 21:16:58.826 [AWT-EventQueue-0] TimeTableEditor - Error

java.lang.NullPointerException: null
	at by.alt.gui.DepartmentsTab$2.actionPerformed(DepartmentsTab.java:57) [TimeTableEditor/:?]
	at javax.swing.AbstractButton.fireActionPerformed(AbstractButton.java:2022) [?:1.8.0_112]
	at javax.swing.AbstractButton$Handler.actionPerformed(AbstractButton.java:2348) [?:1.8.0_112]
	at javax.swing.DefaultButtonModel.fireActionPerformed(DefaultButtonModel.java:402) [?:1.8.0_112]
	at javax.swing.DefaultButtonModel.setPressed(DefaultButtonModel.java:259) [?:1.8.0_112]
	at javax.swing.plaf.basic.BasicButtonListener.mouseReleased(BasicButtonListener.java:252) [?:1.8.0_112]
	at java.awt.Component.processMouseEvent(Component.java:6533) [?:1.8.0_112]
	at javax.swing.JComponent.processMouseEvent(JComponent.java:3324) [?:1.8.0_112]
	at java.awt.Component.processEvent(Component.java:6298) [?:1.8.0_112]
	at java.awt.Container.processEvent(Container.java:2236) [?:1.8.0_112]
	at java.awt.Component.dispatchEventImpl(Component.java:4889) [?:1.8.0_112]
	at java.awt.Container.dispatchEventImpl(Container.java:2294) [?:1.8.0_112]
	at java.awt.Component.dispatchEvent(Component.java:4711) [?:1.8.0_112]
	at java.awt.LightweightDispatcher.retargetMouseEvent(Container.java:4888) [?:1.8.0_112]
	at java.awt.LightweightDispatcher.processMouseEvent(Container.java:4525) [?:1.8.0_112]
	at java.awt.LightweightDispatcher.dispatchEvent(Container.java:4466) [?:1.8.0_112]
	at java.awt.Container.dispatchEventImpl(Container.java:2280) [?:1.8.0_112]
	at java.awt.Window.dispatchEventImpl(Window.java:2746) [?:1.8.0_112]
	at java.awt.Component.dispatchEvent(Component.java:4711) [?:1.8.0_112]
	at java.awt.EventQueue.dispatchEventImpl(EventQueue.java:758) [?:1.8.0_112]
	at java.awt.EventQueue.access$500(EventQueue.java:97) [?:1.8.0_112]
	at java.awt.EventQueue$3.run(EventQueue.java:709) [?:1.8.0_112]
	at java.awt.EventQueue$3.run(EventQueue.java:703) [?:1.8.0_112]
	at java.security.AccessController.doPrivileged(Native Method) ~[?:1.8.0_112]
	at java.security.ProtectionDomain$JavaSecurityAccessImpl.doIntersectionPrivilege(ProtectionDomain.java:80) [?:1.8.0_112]
	at java.security.ProtectionDomain$JavaSecurityAccessImpl.doIntersectionPrivilege(ProtectionDomain.java:90) [?:1.8.0_112]
	at java.awt.EventQueue$4.run(EventQueue.java:731) [?:1.8.0_112]
	at java.awt.EventQueue$4.run(EventQueue.java:729) [?:1.8.0_112]
	at java.security.AccessController.doPrivileged(Native Method) ~[?:1.8.0_112]
	at java.security.ProtectionDomain$JavaSecurityAccessImpl.doIntersectionPrivilege(ProtectionDomain.java:80) [?:1.8.0_112]
	at java.awt.EventQueue.dispatchEvent(EventQueue.java:728) [?:1.8.0_112]
	at java.awt.EventDispatchThread.pumpOneEventForFilters(EventDispatchThread.java:201) [?:1.8.0_112]
	at java.awt.EventDispatchThread.pumpEventsForFilter(EventDispatchThread.java:116) [?:1.8.0_112]
	at java.awt.EventDispatchThread.pumpEventsForHierarchy(EventDispatchThread.java:105) [?:1.8.0_112]
	at java.awt.EventDispatchThread.pumpEvents(EventDispatchThread.java:101) [?:1.8.0_112]
	at java.awt.EventDispatchThread.pumpEvents(EventDispatchThread.java:93) [?:1.8.0_112]
	at java.awt.EventDispatchThread.run(EventDispatchThread.java:82) [?:1.8.0_112]
[ERROR] 2017-11-03 21:16:59.023 [AWT-EventQueue-0] TimeTableEditor - Error

java.lang.NullPointerException: null
	at by.alt.gui.DepartmentsTab$2.actionPerformed(DepartmentsTab.java:57) [TimeTableEditor/:?]
	at javax.swing.AbstractButton.fireActionPerformed(AbstractButton.java:2022) [?:1.8.0_112]
	at javax.swing.AbstractButton$Handler.actionPerformed(AbstractButton.java:2348) [?:1.8.0_112]
	at javax.swing.DefaultButtonModel.fireActionPerformed(DefaultButtonModel.java:402) [?:1.8.0_112]
	at javax.swing.DefaultButtonModel.setPressed(DefaultButtonModel.java:259) [?:1.8.0_112]
	at javax.swing.plaf.basic.BasicButtonListener.mouseReleased(BasicButtonListener.java:252) [?:1.8.0_112]
	at java.awt.Component.processMouseEvent(Component.java:6533) [?:1.8.0_112]
	at javax.swing.JComponent.processMouseEvent(JComponent.java:3324) [?:1.8.0_112]
	at java.awt.Component.processEvent(Component.java:6298) [?:1.8.0_112]
	at java.awt.Container.processEvent(Container.java:2236) [?:1.8.0_112]
	at java.awt.Component.dispatchEventImpl(Component.java:4889) [?:1.8.0_112]
	at java.awt.Container.dispatchEventImpl(Container.java:2294) [?:1.8.0_112]
	at java.awt.Component.dispatchEvent(Component.java:4711) [?:1.8.0_112]
	at java.awt.LightweightDispatcher.retargetMouseEvent(Container.java:4888) [?:1.8.0_112]
	at java.awt.LightweightDispatcher.processMouseEvent(Container.java:4525) [?:1.8.0_112]
	at java.awt.LightweightDispatcher.dispatchEvent(Container.java:4466) [?:1.8.0_112]
	at java.awt.Container.dispatchEventImpl(Container.java:2280) [?:1.8.0_112]
	at java.awt.Window.dispatchEventImpl(Window.java:2746) [?:1.8.0_112]
	at java.awt.Component.dispatchEvent(Component.java:4711) [?:1.8.0_112]
	at java.awt.EventQueue.dispatchEventImpl(EventQueue.java:758) [?:1.8.0_112]
	at java.awt.EventQueue.access$500(EventQueue.java:97) [?:1.8.0_112]
	at java.awt.EventQueue$3.run(EventQueue.java:709) [?:1.8.0_112]
	at java.awt.EventQueue$3.run(EventQueue.java:703) [?:1.8.0_112]
	at java.security.AccessController.doPrivileged(Native Method) ~[?:1.8.0_112]
	at java.security.ProtectionDomain$JavaSecurityAccessImpl.doIntersectionPrivilege(ProtectionDomain.java:80) [?:1.8.0_112]
	at java.security.ProtectionDomain$JavaSecurityAccessImpl.doIntersectionPrivilege(ProtectionDomain.java:90) [?:1.8.0_112]
	at java.awt.EventQueue$4.run(EventQueue.java:731) [?:1.8.0_112]
	at java.awt.EventQueue$4.run(EventQueue.java:729) [?:1.8.0_112]
	at java.security.AccessController.doPrivileged(Native Method) ~[?:1.8.0_112]
	at java.security.ProtectionDomain$JavaSecurityAccessImpl.doIntersectionPrivilege(ProtectionDomain.java:80) [?:1.8.0_112]
	at java.awt.EventQueue.dispatchEvent(EventQueue.java:728) [?:1.8.0_112]
	at java.awt.EventDispatchThread.pumpOneEventForFilters(EventDispatchThread.java:201) [?:1.8.0_112]
	at java.awt.EventDispatchThread.pumpEventsForFilter(EventDispatchThread.java:116) [?:1.8.0_112]
	at java.awt.EventDispatchThread.pumpEventsForHierarchy(EventDispatchThread.java:105) [?:1.8.0_112]
	at java.awt.EventDispatchThread.pumpEvents(EventDispatchThread.java:101) [?:1.8.0_112]
	at java.awt.EventDispatchThread.pumpEvents(EventDispatchThread.java:93) [?:1.8.0_112]
	at java.awt.EventDispatchThread.run(EventDispatchThread.java:82) [?:1.8.0_112]
[ERROR] 2017-11-03 21:16:59.383 [AWT-EventQueue-0] TimeTableEditor - Error

java.lang.NullPointerException: null
	at by.alt.gui.DepartmentsTab$2.actionPerformed(DepartmentsTab.java:57) [TimeTableEditor/:?]
	at javax.swing.AbstractButton.fireActionPerformed(AbstractButton.java:2022) [?:1.8.0_112]
	at javax.swing.AbstractButton$Handler.actionPerformed(AbstractButton.java:2348) [?:1.8.0_112]
	at javax.swing.DefaultButtonModel.fireActionPerformed(DefaultButtonModel.java:402) [?:1.8.0_112]
	at javax.swing.DefaultButtonModel.setPressed(DefaultButtonModel.java:259) [?:1.8.0_112]
	at javax.swing.plaf.basic.BasicButtonListener.mouseReleased(BasicButtonListener.java:252) [?:1.8.0_112]
	at java.awt.Component.processMouseEvent(Component.java:6533) [?:1.8.0_112]
	at javax.swing.JComponent.processMouseEvent(JComponent.java:3324) [?:1.8.0_112]
	at java.awt.Component.processEvent(Component.java:6298) [?:1.8.0_112]
	at java.awt.Container.processEvent(Container.java:2236) [?:1.8.0_112]
	at java.awt.Component.dispatchEventImpl(Component.java:4889) [?:1.8.0_112]
	at java.awt.Container.dispatchEventImpl(Container.java:2294) [?:1.8.0_112]
	at java.awt.Component.dispatchEvent(Component.java:4711) [?:1.8.0_112]
	at java.awt.LightweightDispatcher.retargetMouseEvent(Container.java:4888) [?:1.8.0_112]
	at java.awt.LightweightDispatcher.processMouseEvent(Container.java:4525) [?:1.8.0_112]
	at java.awt.LightweightDispatcher.dispatchEvent(Container.java:4466) [?:1.8.0_112]
	at java.awt.Container.dispatchEventImpl(Container.java:2280) [?:1.8.0_112]
	at java.awt.Window.dispatchEventImpl(Window.java:2746) [?:1.8.0_112]
	at java.awt.Component.dispatchEvent(Component.java:4711) [?:1.8.0_112]
	at java.awt.EventQueue.dispatchEventImpl(EventQueue.java:758) [?:1.8.0_112]
	at java.awt.EventQueue.access$500(EventQueue.java:97) [?:1.8.0_112]
	at java.awt.EventQueue$3.run(EventQueue.java:709) [?:1.8.0_112]
	at java.awt.EventQueue$3.run(EventQueue.java:703) [?:1.8.0_112]
	at java.security.AccessController.doPrivileged(Native Method) ~[?:1.8.0_112]
	at java.security.ProtectionDomain$JavaSecurityAccessImpl.doIntersectionPrivilege(ProtectionDomain.java:80) [?:1.8.0_112]
	at java.security.ProtectionDomain$JavaSecurityAccessImpl.doIntersectionPrivilege(ProtectionDomain.java:90) [?:1.8.0_112]
	at java.awt.EventQueue$4.run(EventQueue.java:731) [?:1.8.0_112]
	at java.awt.EventQueue$4.run(EventQueue.java:729) [?:1.8.0_112]
	at java.security.AccessController.doPrivileged(Native Method) ~[?:1.8.0_112]
	at java.security.ProtectionDomain$JavaSecurityAccessImpl.doIntersectionPrivilege(ProtectionDomain.java:80) [?:1.8.0_112]
	at java.awt.EventQueue.dispatchEvent(EventQueue.java:728) [?:1.8.0_112]
	at java.awt.EventDispatchThread.pumpOneEventForFilters(EventDispatchThread.java:201) [?:1.8.0_112]
	at java.awt.EventDispatchThread.pumpEventsForFilter(EventDispatchThread.java:116) [?:1.8.0_112]
	at java.awt.EventDispatchThread.pumpEventsForHierarchy(EventDispatchThread.java:105) [?:1.8.0_112]
	at java.awt.EventDispatchThread.pumpEvents(EventDispatchThread.java:101) [?:1.8.0_112]
	at java.awt.EventDispatchThread.pumpEvents(EventDispatchThread.java:93) [?:1.8.0_112]
	at java.awt.EventDispatchThread.run(EventDispatchThread.java:82) [?:1.8.0_112]
[ERROR] 2017-11-03 21:16:59.657 [AWT-EventQueue-0] TimeTableEditor - Error

java.lang.NullPointerException: null
	at by.alt.gui.DepartmentsTab$2.actionPerformed(DepartmentsTab.java:57) [TimeTableEditor/:?]
	at javax.swing.AbstractButton.fireActionPerformed(AbstractButton.java:2022) [?:1.8.0_112]
	at javax.swing.AbstractButton$Handler.actionPerformed(AbstractButton.java:2348) [?:1.8.0_112]
	at javax.swing.DefaultButtonModel.fireActionPerformed(DefaultButtonModel.java:402) [?:1.8.0_112]
	at javax.swing.DefaultButtonModel.setPressed(DefaultButtonModel.java:259) [?:1.8.0_112]
	at javax.swing.plaf.basic.BasicButtonListener.mouseReleased(BasicButtonListener.java:252) [?:1.8.0_112]
	at java.awt.Component.processMouseEvent(Component.java:6533) [?:1.8.0_112]
	at javax.swing.JComponent.processMouseEvent(JComponent.java:3324) [?:1.8.0_112]
	at java.awt.Component.processEvent(Component.java:6298) [?:1.8.0_112]
	at java.awt.Container.processEvent(Container.java:2236) [?:1.8.0_112]
	at java.awt.Component.dispatchEventImpl(Component.java:4889) [?:1.8.0_112]
	at java.awt.Container.dispatchEventImpl(Container.java:2294) [?:1.8.0_112]
	at java.awt.Component.dispatchEvent(Component.java:4711) [?:1.8.0_112]
	at java.awt.LightweightDispatcher.retargetMouseEvent(Container.java:4888) [?:1.8.0_112]
	at java.awt.LightweightDispatcher.processMouseEvent(Container.java:4525) [?:1.8.0_112]
	at java.awt.LightweightDispatcher.dispatchEvent(Container.java:4466) [?:1.8.0_112]
	at java.awt.Container.dispatchEventImpl(Container.java:2280) [?:1.8.0_112]
	at java.awt.Window.dispatchEventImpl(Window.java:2746) [?:1.8.0_112]
	at java.awt.Component.dispatchEvent(Component.java:4711) [?:1.8.0_112]
	at java.awt.EventQueue.dispatchEventImpl(EventQueue.java:758) [?:1.8.0_112]
	at java.awt.EventQueue.access$500(EventQueue.java:97) [?:1.8.0_112]
	at java.awt.EventQueue$3.run(EventQueue.java:709) [?:1.8.0_112]
	at java.awt.EventQueue$3.run(EventQueue.java:703) [?:1.8.0_112]
	at java.security.AccessController.doPrivileged(Native Method) ~[?:1.8.0_112]
	at java.security.ProtectionDomain$JavaSecurityAccessImpl.doIntersectionPrivilege(ProtectionDomain.java:80) [?:1.8.0_112]
	at java.security.ProtectionDomain$JavaSecurityAccessImpl.doIntersectionPrivilege(ProtectionDomain.java:90) [?:1.8.0_112]
	at java.awt.EventQueue$4.run(EventQueue.java:731) [?:1.8.0_112]
	at java.awt.EventQueue$4.run(EventQueue.java:729) [?:1.8.0_112]
	at java.security.AccessController.doPrivileged(Native Method) ~[?:1.8.0_112]
	at java.security.ProtectionDomain$JavaSecurityAccessImpl.doIntersectionPrivilege(ProtectionDomain.java:80) [?:1.8.0_112]
	at java.awt.EventQueue.dispatchEvent(EventQueue.java:728) [?:1.8.0_112]
	at java.awt.EventDispatchThread.pumpOneEventForFilters(EventDispatchThread.java:201) [?:1.8.0_112]
	at java.awt.EventDispatchThread.pumpEventsForFilter(EventDispatchThread.java:116) [?:1.8.0_112]
	at java.awt.EventDispatchThread.pumpEventsForHierarchy(EventDispatchThread.java:105) [?:1.8.0_112]
	at java.awt.EventDispatchThread.pumpEvents(EventDispatchThread.java:101) [?:1.8.0_112]
	at java.awt.EventDispatchThread.pumpEvents(EventDispatchThread.java:93) [?:1.8.0_112]
	at java.awt.EventDispatchThread.run(EventDispatchThread.java:82) [?:1.8.0_112]
[ERROR] 2017-11-03 21:29:05.454 [AWT-EventQueue-0] TimeTableEditor - Error

java.lang.NullPointerException: null
	at by.alt.gui.DepartmentsTab$2.actionPerformed(DepartmentsTab.java:57) [TimeTableEditor/:?]
	at javax.swing.AbstractButton.fireActionPerformed(AbstractButton.java:2022) [?:1.8.0_112]
	at javax.swing.AbstractButton$Handler.actionPerformed(AbstractButton.java:2348) [?:1.8.0_112]
	at javax.swing.DefaultButtonModel.fireActionPerformed(DefaultButtonModel.java:402) [?:1.8.0_112]
	at javax.swing.DefaultButtonModel.setPressed(DefaultButtonModel.java:259) [?:1.8.0_112]
	at javax.swing.plaf.basic.BasicButtonListener.mouseReleased(BasicButtonListener.java:252) [?:1.8.0_112]
	at java.awt.Component.processMouseEvent(Component.java:6533) [?:1.8.0_112]
	at javax.swing.JComponent.processMouseEvent(JComponent.java:3324) [?:1.8.0_112]
	at java.awt.Component.processEvent(Component.java:6298) [?:1.8.0_112]
	at java.awt.Container.processEvent(Container.java:2236) [?:1.8.0_112]
	at java.awt.Component.dispatchEventImpl(Component.java:4889) [?:1.8.0_112]
	at java.awt.Container.dispatchEventImpl(Container.java:2294) [?:1.8.0_112]
	at java.awt.Component.dispatchEvent(Component.java:4711) [?:1.8.0_112]
	at java.awt.LightweightDispatcher.retargetMouseEvent(Container.java:4888) [?:1.8.0_112]
	at java.awt.LightweightDispatcher.processMouseEvent(Container.java:4525) [?:1.8.0_112]
	at java.awt.LightweightDispatcher.dispatchEvent(Container.java:4466) [?:1.8.0_112]
	at java.awt.Container.dispatchEventImpl(Container.java:2280) [?:1.8.0_112]
	at java.awt.Window.dispatchEventImpl(Window.java:2746) [?:1.8.0_112]
	at java.awt.Component.dispatchEvent(Component.java:4711) [?:1.8.0_112]
	at java.awt.EventQueue.dispatchEventImpl(EventQueue.java:758) [?:1.8.0_112]
	at java.awt.EventQueue.access$500(EventQueue.java:97) [?:1.8.0_112]
	at java.awt.EventQueue$3.run(EventQueue.java:709) [?:1.8.0_112]
	at java.awt.EventQueue$3.run(EventQueue.java:703) [?:1.8.0_112]
	at java.security.AccessController.doPrivileged(Native Method) ~[?:1.8.0_112]
	at java.security.ProtectionDomain$JavaSecurityAccessImpl.doIntersectionPrivilege(ProtectionDomain.java:80) [?:1.8.0_112]
	at java.security.ProtectionDomain$JavaSecurityAccessImpl.doIntersectionPrivilege(ProtectionDomain.java:90) [?:1.8.0_112]
	at java.awt.EventQueue$4.run(EventQueue.java:731) [?:1.8.0_112]
	at java.awt.EventQueue$4.run(EventQueue.java:729) [?:1.8.0_112]
	at java.security.AccessController.doPrivileged(Native Method) ~[?:1.8.0_112]
	at java.security.ProtectionDomain$JavaSecurityAccessImpl.doIntersectionPrivilege(ProtectionDomain.java:80) [?:1.8.0_112]
	at java.awt.EventQueue.dispatchEvent(EventQueue.java:728) [?:1.8.0_112]
	at java.awt.EventDispatchThread.pumpOneEventForFilters(EventDispatchThread.java:201) [?:1.8.0_112]
	at java.awt.EventDispatchThread.pumpEventsForFilter(EventDispatchThread.java:116) [?:1.8.0_112]
	at java.awt.EventDispatchThread.pumpEventsForHierarchy(EventDispatchThread.java:105) [?:1.8.0_112]
	at java.awt.EventDispatchThread.pumpEvents(EventDispatchThread.java:101) [?:1.8.0_112]
	at java.awt.EventDispatchThread.pumpEvents(EventDispatchThread.java:93) [?:1.8.0_112]
	at java.awt.EventDispatchThread.run(EventDispatchThread.java:82) [?:1.8.0_112]
[ERROR] 2017-11-03 21:29:06.382 [AWT-EventQueue-0] TimeTableEditor - Error

java.lang.NullPointerException: null
	at by.alt.gui.DepartmentsTab$2.actionPerformed(DepartmentsTab.java:57) [TimeTableEditor/:?]
	at javax.swing.AbstractButton.fireActionPerformed(AbstractButton.java:2022) [?:1.8.0_112]
	at javax.swing.AbstractButton$Handler.actionPerformed(AbstractButton.java:2348) [?:1.8.0_112]
	at javax.swing.DefaultButtonModel.fireActionPerformed(DefaultButtonModel.java:402) [?:1.8.0_112]
	at javax.swing.DefaultButtonModel.setPressed(DefaultButtonModel.java:259) [?:1.8.0_112]
	at javax.swing.plaf.basic.BasicButtonListener.mouseReleased(BasicButtonListener.java:252) [?:1.8.0_112]
	at java.awt.Component.processMouseEvent(Component.java:6533) [?:1.8.0_112]
	at javax.swing.JComponent.processMouseEvent(JComponent.java:3324) [?:1.8.0_112]
	at java.awt.Component.processEvent(Component.java:6298) [?:1.8.0_112]
	at java.awt.Container.processEvent(Container.java:2236) [?:1.8.0_112]
	at java.awt.Component.dispatchEventImpl(Component.java:4889) [?:1.8.0_112]
	at java.awt.Container.dispatchEventImpl(Container.java:2294) [?:1.8.0_112]
	at java.awt.Component.dispatchEvent(Component.java:4711) [?:1.8.0_112]
	at java.awt.LightweightDispatcher.retargetMouseEvent(Container.java:4888) [?:1.8.0_112]
	at java.awt.LightweightDispatcher.processMouseEvent(Container.java:4525) [?:1.8.0_112]
	at java.awt.LightweightDispatcher.dispatchEvent(Container.java:4466) [?:1.8.0_112]
	at java.awt.Container.dispatchEventImpl(Container.java:2280) [?:1.8.0_112]
	at java.awt.Window.dispatchEventImpl(Window.java:2746) [?:1.8.0_112]
	at java.awt.Component.dispatchEvent(Component.java:4711) [?:1.8.0_112]
	at java.awt.EventQueue.dispatchEventImpl(EventQueue.java:758) [?:1.8.0_112]
	at java.awt.EventQueue.access$500(EventQueue.java:97) [?:1.8.0_112]
	at java.awt.EventQueue$3.run(EventQueue.java:709) [?:1.8.0_112]
	at java.awt.EventQueue$3.run(EventQueue.java:703) [?:1.8.0_112]
	at java.security.AccessController.doPrivileged(Native Method) ~[?:1.8.0_112]
	at java.security.ProtectionDomain$JavaSecurityAccessImpl.doIntersectionPrivilege(ProtectionDomain.java:80) [?:1.8.0_112]
	at java.security.ProtectionDomain$JavaSecurityAccessImpl.doIntersectionPrivilege(ProtectionDomain.java:90) [?:1.8.0_112]
	at java.awt.EventQueue$4.run(EventQueue.java:731) [?:1.8.0_112]
	at java.awt.EventQueue$4.run(EventQueue.java:729) [?:1.8.0_112]
	at java.security.AccessController.doPrivileged(Native Method) ~[?:1.8.0_112]
	at java.security.ProtectionDomain$JavaSecurityAccessImpl.doIntersectionPrivilege(ProtectionDomain.java:80) [?:1.8.0_112]
	at java.awt.EventQueue.dispatchEvent(EventQueue.java:728) [?:1.8.0_112]
	at java.awt.EventDispatchThread.pumpOneEventForFilters(EventDispatchThread.java:201) [?:1.8.0_112]
	at java.awt.EventDispatchThread.pumpEventsForFilter(EventDispatchThread.java:116) [?:1.8.0_112]
	at java.awt.EventDispatchThread.pumpEventsForHierarchy(EventDispatchThread.java:105) [?:1.8.0_112]
	at java.awt.EventDispatchThread.pumpEvents(EventDispatchThread.java:101) [?:1.8.0_112]
	at java.awt.EventDispatchThread.pumpEvents(EventDispatchThread.java:93) [?:1.8.0_112]
	at java.awt.EventDispatchThread.run(EventDispatchThread.java:82) [?:1.8.0_112]
[ERROR] 2017-11-03 21:29:10.940 [AWT-EventQueue-0] TimeTableEditor - Error

java.lang.NullPointerException: null
	at by.alt.gui.DepartmentsTab$2.actionPerformed(DepartmentsTab.java:57) [TimeTableEditor/:?]
	at javax.swing.AbstractButton.fireActionPerformed(AbstractButton.java:2022) [?:1.8.0_112]
	at javax.swing.AbstractButton$Handler.actionPerformed(AbstractButton.java:2348) [?:1.8.0_112]
	at javax.swing.DefaultButtonModel.fireActionPerformed(DefaultButtonModel.java:402) [?:1.8.0_112]
	at javax.swing.DefaultButtonModel.setPressed(DefaultButtonModel.java:259) [?:1.8.0_112]
	at javax.swing.plaf.basic.BasicButtonListener.mouseReleased(BasicButtonListener.java:252) [?:1.8.0_112]
	at java.awt.Component.processMouseEvent(Component.java:6533) [?:1.8.0_112]
	at javax.swing.JComponent.processMouseEvent(JComponent.java:3324) [?:1.8.0_112]
	at java.awt.Component.processEvent(Component.java:6298) [?:1.8.0_112]
	at java.awt.Container.processEvent(Container.java:2236) [?:1.8.0_112]
	at java.awt.Component.dispatchEventImpl(Component.java:4889) [?:1.8.0_112]
	at java.awt.Container.dispatchEventImpl(Container.java:2294) [?:1.8.0_112]
	at java.awt.Component.dispatchEvent(Component.java:4711) [?:1.8.0_112]
	at java.awt.LightweightDispatcher.retargetMouseEvent(Container.java:4888) [?:1.8.0_112]
	at java.awt.LightweightDispatcher.processMouseEvent(Container.java:4525) [?:1.8.0_112]
	at java.awt.LightweightDispatcher.dispatchEvent(Container.java:4466) [?:1.8.0_112]
	at java.awt.Container.dispatchEventImpl(Container.java:2280) [?:1.8.0_112]
	at java.awt.Window.dispatchEventImpl(Window.java:2746) [?:1.8.0_112]
	at java.awt.Component.dispatchEvent(Component.java:4711) [?:1.8.0_112]
	at java.awt.EventQueue.dispatchEventImpl(EventQueue.java:758) [?:1.8.0_112]
	at java.awt.EventQueue.access$500(EventQueue.java:97) [?:1.8.0_112]
	at java.awt.EventQueue$3.run(EventQueue.java:709) [?:1.8.0_112]
	at java.awt.EventQueue$3.run(EventQueue.java:703) [?:1.8.0_112]
	at java.security.AccessController.doPrivileged(Native Method) ~[?:1.8.0_112]
	at java.security.ProtectionDomain$JavaSecurityAccessImpl.doIntersectionPrivilege(ProtectionDomain.java:80) [?:1.8.0_112]
	at java.security.ProtectionDomain$JavaSecurityAccessImpl.doIntersectionPrivilege(ProtectionDomain.java:90) [?:1.8.0_112]
	at java.awt.EventQueue$4.run(EventQueue.java:731) [?:1.8.0_112]
	at java.awt.EventQueue$4.run(EventQueue.java:729) [?:1.8.0_112]
	at java.security.AccessController.doPrivileged(Native Method) ~[?:1.8.0_112]
	at java.security.ProtectionDomain$JavaSecurityAccessImpl.doIntersectionPrivilege(ProtectionDomain.java:80) [?:1.8.0_112]
	at java.awt.EventQueue.dispatchEvent(EventQueue.java:728) [?:1.8.0_112]
	at java.awt.EventDispatchThread.pumpOneEventForFilters(EventDispatchThread.java:201) [?:1.8.0_112]
	at java.awt.EventDispatchThread.pumpEventsForFilter(EventDispatchThread.java:116) [?:1.8.0_112]
	at java.awt.EventDispatchThread.pumpEventsForHierarchy(EventDispatchThread.java:105) [?:1.8.0_112]
	at java.awt.EventDispatchThread.pumpEvents(EventDispatchThread.java:101) [?:1.8.0_112]
	at java.awt.EventDispatchThread.pumpEvents(EventDispatchThread.java:93) [?:1.8.0_112]
	at java.awt.EventDispatchThread.run(EventDispatchThread.java:82) [?:1.8.0_112]
[ERROR] 2017-11-04 17:06:04.035 [main] TimeTableEditor - Error

java.io.FileNotFoundException: common.properties (Не удается найти указанный файл)
	at java.io.FileInputStream.open0(Native Method) ~[?:1.8.0_111]
	at java.io.FileInputStream.open(FileInputStream.java:195) ~[?:1.8.0_111]
	at java.io.FileInputStream.<init>(FileInputStream.java:138) ~[?:1.8.0_111]
	at by.alt.Object.PropReader.readCommonProps(PropReader.java:81) [TimeTableEditor/:?]
	at by.alt.DAO.DBReader.ConnectToDB(DBReader.java:21) [TimeTableEditor/:?]
	at by.alt.Main.main(Main.java:17) [TimeTableEditor/:?]
	at sun.reflect.NativeMethodAccessorImpl.invoke0(Native Method) ~[?:1.8.0_111]
	at sun.reflect.NativeMethodAccessorImpl.invoke(NativeMethodAccessorImpl.java:62) ~[?:1.8.0_111]
	at sun.reflect.DelegatingMethodAccessorImpl.invoke(DelegatingMethodAccessorImpl.java:43) ~[?:1.8.0_111]
	at java.lang.reflect.Method.invoke(Method.java:498) ~[?:1.8.0_111]
	at com.intellij.rt.execution.application.AppMain.main(AppMain.java:147) [idea_rt.jar:?]
[ERROR] 2017-11-04 17:06:48.858 [main] TimeTableEditor - Error

java.io.FileNotFoundException: d:\Timetableeditor\common.properties (Не удается найти указанный файл)
	at java.io.FileInputStream.open0(Native Method) ~[?:1.8.0_111]
	at java.io.FileInputStream.open(FileInputStream.java:195) ~[?:1.8.0_111]
	at java.io.FileInputStream.<init>(FileInputStream.java:138) ~[?:1.8.0_111]
	at by.alt.Object.PropReader.readCommonProps(PropReader.java:81) [TimeTableEditor/:?]
	at by.alt.DAO.DBReader.ConnectToDB(DBReader.java:21) [TimeTableEditor/:?]
	at by.alt.Main.main(Main.java:17) [TimeTableEditor/:?]
	at sun.reflect.NativeMethodAccessorImpl.invoke0(Native Method) ~[?:1.8.0_111]
	at sun.reflect.NativeMethodAccessorImpl.invoke(NativeMethodAccessorImpl.java:62) ~[?:1.8.0_111]
	at sun.reflect.DelegatingMethodAccessorImpl.invoke(DelegatingMethodAccessorImpl.java:43) ~[?:1.8.0_111]
	at java.lang.reflect.Method.invoke(Method.java:498) ~[?:1.8.0_111]
	at com.intellij.rt.execution.application.AppMain.main(AppMain.java:147) [idea_rt.jar:?]
[ERROR] 2017-11-04 17:07:34.143 [main] TimeTableEditor - Error

java.io.FileNotFoundException: \src\Resources\common.properties (Системе не удается найти указанный путь)
	at java.io.FileInputStream.open0(Native Method) ~[?:1.8.0_111]
	at java.io.FileInputStream.open(FileInputStream.java:195) ~[?:1.8.0_111]
	at java.io.FileInputStream.<init>(FileInputStream.java:138) ~[?:1.8.0_111]
	at by.alt.Object.PropReader.readCommonProps(PropReader.java:81) [TimeTableEditor/:?]
	at by.alt.DAO.DBReader.ConnectToDB(DBReader.java:21) [TimeTableEditor/:?]
	at by.alt.Main.main(Main.java:17) [TimeTableEditor/:?]
	at sun.reflect.NativeMethodAccessorImpl.invoke0(Native Method) ~[?:1.8.0_111]
	at sun.reflect.NativeMethodAccessorImpl.invoke(NativeMethodAccessorImpl.java:62) ~[?:1.8.0_111]
	at sun.reflect.DelegatingMethodAccessorImpl.invoke(DelegatingMethodAccessorImpl.java:43) ~[?:1.8.0_111]
	at java.lang.reflect.Method.invoke(Method.java:498) ~[?:1.8.0_111]
	at com.intellij.rt.execution.application.AppMain.main(AppMain.java:147) [idea_rt.jar:?]
[ERROR] 2017-11-04 17:08:02.413 [AWT-EventQueue-0] TimeTableEditor - Error

java.io.FileNotFoundException: D:\TimeTableEditor\src\Resources\config_backup\2017.11.04 - 05:08:02 (Синтаксическая ошибка в имени файла, имени папки или метке тома)
	at java.io.FileOutputStream.open0(Native Method) ~[?:1.8.0_111]
	at java.io.FileOutputStream.open(FileOutputStream.java:270) ~[?:1.8.0_111]
	at java.io.FileOutputStream.<init>(FileOutputStream.java:213) ~[?:1.8.0_111]
	at java.io.FileOutputStream.<init>(FileOutputStream.java:162) ~[?:1.8.0_111]
	at by.alt.Object.PropReader.backupRepProps(PropReader.java:69) [TimeTableEditor/:?]
	at by.alt.gui.MainForm$MyMenuBar$2.actionPerformed(MainForm.java:206) [TimeTableEditor/:?]
	at javax.swing.AbstractButton.fireActionPerformed(AbstractButton.java:2022) [?:1.8.0_111]
	at javax.swing.AbstractButton$Handler.actionPerformed(AbstractButton.java:2348) [?:1.8.0_111]
	at javax.swing.DefaultButtonModel.fireActionPerformed(DefaultButtonModel.java:402) [?:1.8.0_111]
	at javax.swing.DefaultButtonModel.setPressed(DefaultButtonModel.java:259) [?:1.8.0_111]
	at javax.swing.AbstractButton.doClick(AbstractButton.java:376) [?:1.8.0_111]
	at javax.swing.plaf.basic.BasicMenuItemUI.doClick(BasicMenuItemUI.java:833) [?:1.8.0_111]
	at javax.swing.plaf.basic.BasicMenuItemUI$Handler.mouseReleased(BasicMenuItemUI.java:877) [?:1.8.0_111]
	at java.awt.Component.processMouseEvent(Component.java:6533) [?:1.8.0_111]
	at javax.swing.JComponent.processMouseEvent(JComponent.java:3324) [?:1.8.0_111]
	at java.awt.Component.processEvent(Component.java:6298) [?:1.8.0_111]
	at java.awt.Container.processEvent(Container.java:2236) [?:1.8.0_111]
	at java.awt.Component.dispatchEventImpl(Component.java:4889) [?:1.8.0_111]
	at java.awt.Container.dispatchEventImpl(Container.java:2294) [?:1.8.0_111]
	at java.awt.Component.dispatchEvent(Component.java:4711) [?:1.8.0_111]
	at java.awt.LightweightDispatcher.retargetMouseEvent(Container.java:4888) [?:1.8.0_111]
	at java.awt.LightweightDispatcher.processMouseEvent(Container.java:4525) [?:1.8.0_111]
	at java.awt.LightweightDispatcher.dispatchEvent(Container.java:4466) [?:1.8.0_111]
	at java.awt.Container.dispatchEventImpl(Container.java:2280) [?:1.8.0_111]
	at java.awt.Window.dispatchEventImpl(Window.java:2746) [?:1.8.0_111]
	at java.awt.Component.dispatchEvent(Component.java:4711) [?:1.8.0_111]
	at java.awt.EventQueue.dispatchEventImpl(EventQueue.java:758) [?:1.8.0_111]
	at java.awt.EventQueue.access$500(EventQueue.java:97) [?:1.8.0_111]
	at java.awt.EventQueue$3.run(EventQueue.java:709) [?:1.8.0_111]
	at java.awt.EventQueue$3.run(EventQueue.java:703) [?:1.8.0_111]
	at java.security.AccessController.doPrivileged(Native Method) ~[?:1.8.0_111]
	at java.security.ProtectionDomain$JavaSecurityAccessImpl.doIntersectionPrivilege(ProtectionDomain.java:76) [?:1.8.0_111]
	at java.security.ProtectionDomain$JavaSecurityAccessImpl.doIntersectionPrivilege(ProtectionDomain.java:86) [?:1.8.0_111]
	at java.awt.EventQueue$4.run(EventQueue.java:731) [?:1.8.0_111]
	at java.awt.EventQueue$4.run(EventQueue.java:729) [?:1.8.0_111]
	at java.security.AccessController.doPrivileged(Native Method) ~[?:1.8.0_111]
	at java.security.ProtectionDomain$JavaSecurityAccessImpl.doIntersectionPrivilege(ProtectionDomain.java:76) [?:1.8.0_111]
	at java.awt.EventQueue.dispatchEvent(EventQueue.java:728) [?:1.8.0_111]
	at java.awt.EventDispatchThread.pumpOneEventForFilters(EventDispatchThread.java:201) [?:1.8.0_111]
	at java.awt.EventDispatchThread.pumpEventsForFilter(EventDispatchThread.java:116) [?:1.8.0_111]
	at java.awt.EventDispatchThread.pumpEventsForHierarchy(EventDispatchThread.java:105) [?:1.8.0_111]
	at java.awt.EventDispatchThread.pumpEvents(EventDispatchThread.java:101) [?:1.8.0_111]
	at java.awt.EventDispatchThread.pumpEvents(EventDispatchThread.java:93) [?:1.8.0_111]
	at java.awt.EventDispatchThread.run(EventDispatchThread.java:82) [?:1.8.0_111]
[ERROR] 2017-11-04 17:10:19.381 [AWT-EventQueue-0] TimeTableEditor - Error

java.io.FileNotFoundException: D:\TimeTableEditor\src\Resources\config_backup\2017-11-04-05-10-19_report03.properties (Системе не удается найти указанный путь)
	at java.io.FileOutputStream.open0(Native Method) ~[?:1.8.0_111]
	at java.io.FileOutputStream.open(FileOutputStream.java:270) ~[?:1.8.0_111]
	at java.io.FileOutputStream.<init>(FileOutputStream.java:213) ~[?:1.8.0_111]
	at java.io.FileOutputStream.<init>(FileOutputStream.java:162) ~[?:1.8.0_111]
	at by.alt.Object.PropReader.backupRepProps(PropReader.java:69) [TimeTableEditor/:?]
	at by.alt.gui.MainForm$MyMenuBar$2.actionPerformed(MainForm.java:206) [TimeTableEditor/:?]
	at javax.swing.AbstractButton.fireActionPerformed(AbstractButton.java:2022) [?:1.8.0_111]
	at javax.swing.AbstractButton$Handler.actionPerformed(AbstractButton.java:2348) [?:1.8.0_111]
	at javax.swing.DefaultButtonModel.fireActionPerformed(DefaultButtonModel.java:402) [?:1.8.0_111]
	at javax.swing.DefaultButtonModel.setPressed(DefaultButtonModel.java:259) [?:1.8.0_111]
	at javax.swing.AbstractButton.doClick(AbstractButton.java:376) [?:1.8.0_111]
	at javax.swing.plaf.basic.BasicMenuItemUI.doClick(BasicMenuItemUI.java:833) [?:1.8.0_111]
	at javax.swing.plaf.basic.BasicMenuItemUI$Handler.mouseReleased(BasicMenuItemUI.java:877) [?:1.8.0_111]
	at java.awt.Component.processMouseEvent(Component.java:6533) [?:1.8.0_111]
	at javax.swing.JComponent.processMouseEvent(JComponent.java:3324) [?:1.8.0_111]
	at java.awt.Component.processEvent(Component.java:6298) [?:1.8.0_111]
	at java.awt.Container.processEvent(Container.java:2236) [?:1.8.0_111]
	at java.awt.Component.dispatchEventImpl(Component.java:4889) [?:1.8.0_111]
	at java.awt.Container.dispatchEventImpl(Container.java:2294) [?:1.8.0_111]
	at java.awt.Component.dispatchEvent(Component.java:4711) [?:1.8.0_111]
	at java.awt.LightweightDispatcher.retargetMouseEvent(Container.java:4888) [?:1.8.0_111]
	at java.awt.LightweightDispatcher.processMouseEvent(Container.java:4525) [?:1.8.0_111]
	at java.awt.LightweightDispatcher.dispatchEvent(Container.java:4466) [?:1.8.0_111]
	at java.awt.Container.dispatchEventImpl(Container.java:2280) [?:1.8.0_111]
	at java.awt.Window.dispatchEventImpl(Window.java:2746) [?:1.8.0_111]
	at java.awt.Component.dispatchEvent(Component.java:4711) [?:1.8.0_111]
	at java.awt.EventQueue.dispatchEventImpl(EventQueue.java:758) [?:1.8.0_111]
	at java.awt.EventQueue.access$500(EventQueue.java:97) [?:1.8.0_111]
	at java.awt.EventQueue$3.run(EventQueue.java:709) [?:1.8.0_111]
	at java.awt.EventQueue$3.run(EventQueue.java:703) [?:1.8.0_111]
	at java.security.AccessController.doPrivileged(Native Method) ~[?:1.8.0_111]
	at java.security.ProtectionDomain$JavaSecurityAccessImpl.doIntersectionPrivilege(ProtectionDomain.java:76) [?:1.8.0_111]
	at java.security.ProtectionDomain$JavaSecurityAccessImpl.doIntersectionPrivilege(ProtectionDomain.java:86) [?:1.8.0_111]
	at java.awt.EventQueue$4.run(EventQueue.java:731) [?:1.8.0_111]
	at java.awt.EventQueue$4.run(EventQueue.java:729) [?:1.8.0_111]
	at java.security.AccessController.doPrivileged(Native Method) ~[?:1.8.0_111]
	at java.security.ProtectionDomain$JavaSecurityAccessImpl.doIntersectionPrivilege(ProtectionDomain.java:76) [?:1.8.0_111]
	at java.awt.EventQueue.dispatchEvent(EventQueue.java:728) [?:1.8.0_111]
	at java.awt.EventDispatchThread.pumpOneEventForFilters(EventDispatchThread.java:201) [?:1.8.0_111]
	at java.awt.EventDispatchThread.pumpEventsForFilter(EventDispatchThread.java:116) [?:1.8.0_111]
	at java.awt.EventDispatchThread.pumpEventsForHierarchy(EventDispatchThread.java:105) [?:1.8.0_111]
	at java.awt.EventDispatchThread.pumpEvents(EventDispatchThread.java:101) [?:1.8.0_111]
	at java.awt.EventDispatchThread.pumpEvents(EventDispatchThread.java:93) [?:1.8.0_111]
	at java.awt.EventDispatchThread.run(EventDispatchThread.java:82) [?:1.8.0_111]
